<?xml version="1.0" encoding="UTF-8"?>
<coverage generated="1619543372565" clover="3.2.0">
  <project timestamp="1619543372565" name="All files">
    <metrics statements="80" coveredstatements="80" conditionals="43" coveredconditionals="43" methods="17" coveredmethods="17" elements="140" coveredelements="140" complexity="0" loc="80" ncloc="80" packages="1" files="3" classes="3"/>
    <file name="binary-search-tree.ts" path="C:\Users\andre\OneDrive\Рабочий стол\evolution\evo-ts-bootcamp\homeworks\03-data-structure\algorithms\binary-search-tree.ts">
      <metrics statements="14" coveredstatements="14" conditionals="14" coveredconditionals="14" methods="3" coveredmethods="3"/>
      <line num="1" count="1" type="stmt"/>
      <line num="3" count="1" type="stmt"/>
      <line num="5" count="1" type="cond" truecount="2" falsecount="0"/>
      <line num="7" count="22" type="cond" truecount="2" falsecount="0"/>
      <line num="8" count="19" type="cond" truecount="2" falsecount="0"/>
      <line num="9" count="1" type="stmt"/>
      <line num="11" count="18" type="cond" truecount="2" falsecount="0"/>
      <line num="12" count="8" type="stmt"/>
      <line num="13" count="8" type="cond" truecount="2" falsecount="0"/>
      <line num="15" count="17" type="cond" truecount="2" falsecount="0"/>
      <line num="16" count="7" type="stmt"/>
      <line num="17" count="7" type="cond" truecount="2" falsecount="0"/>
      <line num="20" count="16" type="stmt"/>
      <line num="22" count="1" type="stmt"/>
    </file>
    <file name="binary-tree.ts" path="C:\Users\andre\OneDrive\Рабочий стол\evolution\evo-ts-bootcamp\homeworks\03-data-structure\algorithms\binary-tree.ts">
      <metrics statements="55" coveredstatements="55" conditionals="23" coveredconditionals="23" methods="12" coveredmethods="12"/>
      <line num="1" count="2" type="cond" truecount="2" falsecount="0"/>
      <line num="2" count="2" type="stmt"/>
      <line num="3" count="2" type="stmt"/>
      <line num="4" count="2" type="stmt"/>
      <line num="5" count="2" type="stmt"/>
      <line num="7" count="2" type="stmt"/>
      <line num="8" count="2" type="stmt"/>
      <line num="29" count="2" type="stmt"/>
      <line num="32" count="3" type="stmt"/>
      <line num="35" count="2" type="stmt"/>
      <line num="36" count="1" type="stmt"/>
      <line num="37" count="1" type="stmt"/>
      <line num="40" count="7" type="cond" truecount="2" falsecount="0"/>
      <line num="41" count="5" type="stmt"/>
      <line num="43" count="1" type="stmt"/>
      <line num="45" count="1" type="stmt"/>
      <line num="47" count="1" type="stmt"/>
      <line num="49" count="1" type="stmt"/>
      <line num="50" count="1" type="stmt"/>
      <line num="53" count="2" type="stmt"/>
      <line num="54" count="59" type="cond" truecount="2" falsecount="0"/>
      <line num="55" count="33" type="stmt"/>
      <line num="57" count="26" type="stmt"/>
      <line num="59" count="2" type="stmt"/>
      <line num="60" count="3" type="cond" truecount="2" falsecount="0"/>
      <line num="61" count="1" type="stmt"/>
      <line num="63" count="2" type="stmt"/>
      <line num="66" count="2" type="stmt"/>
      <line num="67" count="31" type="cond" truecount="2" falsecount="0"/>
      <line num="68" count="17" type="stmt"/>
      <line num="70" count="14" type="stmt"/>
      <line num="72" count="2" type="stmt"/>
      <line num="73" count="2" type="stmt"/>
      <line num="74" count="2" type="stmt"/>
      <line num="75" count="2" type="stmt"/>
      <line num="76" count="14" type="stmt"/>
      <line num="77" count="14" type="stmt"/>
      <line num="78" count="14" type="cond" truecount="2" falsecount="0"/>
      <line num="79" count="6" type="stmt"/>
      <line num="81" count="14" type="cond" truecount="2" falsecount="0"/>
      <line num="82" count="6" type="stmt"/>
      <line num="85" count="2" type="stmt"/>
      <line num="87" count="2" type="stmt"/>
      <line num="88" count="3" type="stmt"/>
      <line num="90" count="2" type="stmt"/>
      <line num="91" count="45" type="stmt"/>
      <line num="92" count="45" type="cond" truecount="2" falsecount="0"/>
      <line num="93" count="24" type="stmt"/>
      <line num="94" count="21" type="cond" truecount="2" falsecount="0"/>
      <line num="95" count="5" type="stmt"/>
      <line num="97" count="21" type="stmt"/>
      <line num="98" count="21" type="stmt"/>
      <line num="99" count="21" type="stmt"/>
      <line num="101" count="2" type="stmt"/>
      <line num="103" count="2" type="stmt"/>
    </file>
    <file name="merge-sort.ts" path="C:\Users\andre\OneDrive\Рабочий стол\evolution\evo-ts-bootcamp\homeworks\03-data-structure\algorithms\merge-sort.ts">
      <metrics statements="11" coveredstatements="11" conditionals="6" coveredconditionals="6" methods="2" coveredmethods="2"/>
      <line num="4" count="20" type="cond" truecount="2" falsecount="0"/>
      <line num="5" count="9" type="stmt"/>
      <line num="6" count="9" type="stmt"/>
      <line num="7" count="9" type="stmt"/>
      <line num="11" count="9" type="stmt"/>
      <line num="12" count="9" type="cond" truecount="2" falsecount="0"/>
      <line num="13" count="16" type="cond" truecount="2" falsecount="0"/>
      <line num="14" count="11" type="stmt"/>
      <line num="16" count="5" type="stmt"/>
      <line num="19" count="9" type="stmt"/>
      <line num="22" count="1" type="stmt"/>
    </file>
  </project>
</coverage>
