<?xml version="1.0" encoding="UTF-8"?>
<coverage generated="1619416467924" clover="3.2.0">
  <project timestamp="1619416467924" name="All files">
    <metrics statements="55" coveredstatements="55" conditionals="23" coveredconditionals="23" methods="12" coveredmethods="12" elements="90" coveredelements="90" complexity="0" loc="55" ncloc="55" packages="1" files="1" classes="1"/>
    <file name="binary-tree.ts" path="C:\Users\andre\OneDrive\Рабочий стол\evolution\evo-ts-bootcamp\homeworks\03-data-structure\binary-tree.ts">
      <metrics statements="55" coveredstatements="55" conditionals="23" coveredconditionals="23" methods="12" coveredmethods="12"/>
      <line num="1" count="1" type="cond" truecount="2" falsecount="0"/>
      <line num="2" count="1" type="stmt"/>
      <line num="3" count="1" type="stmt"/>
      <line num="4" count="1" type="stmt"/>
      <line num="5" count="1" type="stmt"/>
      <line num="7" count="1" type="stmt"/>
      <line num="8" count="2" type="stmt"/>
      <line num="29" count="1" type="stmt"/>
      <line num="32" count="2" type="stmt"/>
      <line num="35" count="1" type="stmt"/>
      <line num="36" count="1" type="stmt"/>
      <line num="37" count="1" type="stmt"/>
      <line num="40" count="7" type="cond" truecount="2" falsecount="0"/>
      <line num="41" count="5" type="stmt"/>
      <line num="43" count="1" type="stmt"/>
      <line num="45" count="1" type="stmt"/>
      <line num="47" count="1" type="stmt"/>
      <line num="49" count="1" type="stmt"/>
      <line num="50" count="1" type="stmt"/>
      <line num="53" count="1" type="stmt"/>
      <line num="54" count="59" type="cond" truecount="2" falsecount="0"/>
      <line num="55" count="33" type="stmt"/>
      <line num="57" count="26" type="stmt"/>
      <line num="59" count="1" type="stmt"/>
      <line num="60" count="3" type="cond" truecount="2" falsecount="0"/>
      <line num="61" count="1" type="stmt"/>
      <line num="63" count="2" type="stmt"/>
      <line num="66" count="1" type="stmt"/>
      <line num="67" count="31" type="cond" truecount="2" falsecount="0"/>
      <line num="68" count="17" type="stmt"/>
      <line num="70" count="14" type="stmt"/>
      <line num="72" count="1" type="stmt"/>
      <line num="73" count="2" type="stmt"/>
      <line num="74" count="2" type="stmt"/>
      <line num="75" count="2" type="stmt"/>
      <line num="76" count="14" type="stmt"/>
      <line num="77" count="14" type="stmt"/>
      <line num="78" count="14" type="cond" truecount="2" falsecount="0"/>
      <line num="79" count="6" type="stmt"/>
      <line num="81" count="14" type="cond" truecount="2" falsecount="0"/>
      <line num="82" count="6" type="stmt"/>
      <line num="85" count="2" type="stmt"/>
      <line num="87" count="1" type="stmt"/>
      <line num="88" count="3" type="stmt"/>
      <line num="90" count="1" type="stmt"/>
      <line num="91" count="45" type="stmt"/>
      <line num="92" count="45" type="cond" truecount="2" falsecount="0"/>
      <line num="93" count="24" type="stmt"/>
      <line num="94" count="21" type="cond" truecount="2" falsecount="0"/>
      <line num="95" count="5" type="stmt"/>
      <line num="97" count="21" type="stmt"/>
      <line num="98" count="21" type="stmt"/>
      <line num="99" count="21" type="stmt"/>
      <line num="101" count="1" type="stmt"/>
      <line num="103" count="1" type="stmt"/>
    </file>
  </project>
</coverage>
