{"C:\\Users\\andre\\OneDrive\\Рабочий стол\\evolution\\evo-ts-bootcamp\\homeworks\\03-data-structure\\algorithms\\binary-search-tree.ts": {"path":"C:\\Users\\andre\\OneDrive\\Рабочий стол\\evolution\\evo-ts-bootcamp\\homeworks\\03-data-structure\\algorithms\\binary-search-tree.ts","statementMap":{"0":{"start":{"line":1,"column":0},"end":{"line":1,"column":53}},"1":{"start":{"line":3,"column":0},"end":{"line":3,"column":56}},"2":{"start":{"line":3,"column":38},"end":{"line":3,"column":48}},"3":{"start":{"line":5,"column":8},"end":{"line":5,"column":null}},"4":{"start":{"line":7,"column":4},"end":{"line":21,"column":null}},"5":{"start":{"line":7,"column":29},"end":{"line":7,"column":null}},"6":{"start":{"line":8,"column":8},"end":{"line":19,"column":null}},"7":{"start":{"line":9,"column":12},"end":{"line":9,"column":null}},"8":{"start":{"line":11,"column":12},"end":{"line":14,"column":null}},"9":{"start":{"line":12,"column":39},"end":{"line":12,"column":71}},"10":{"start":{"line":13,"column":16},"end":{"line":13,"column":null}},"11":{"start":{"line":13,"column":26},"end":{"line":13,"column":null}},"12":{"start":{"line":15,"column":12},"end":{"line":18,"column":null}},"13":{"start":{"line":16,"column":40},"end":{"line":16,"column":73}},"14":{"start":{"line":17,"column":16},"end":{"line":17,"column":null}},"15":{"start":{"line":17,"column":26},"end":{"line":17,"column":null}},"16":{"start":{"line":20,"column":8},"end":{"line":20,"column":null}},"17":{"start":{"line":22,"column":0},"end":{"line":22,"column":null}},"18":{"start":{"line":3,"column":13},"end":{"line":3,"column":29}}},"fnMap":{"0":{"name":"(anonymous_6)","decl":{"start":{"line":3,"column":0},"end":{"line":3,"column":13}},"loc":{"start":{"line":3,"column":0},"end":{"line":22,"column":null}}},"1":{"name":"BinarySearchTree","decl":{"start":{"line":4,"column":4},"end":{"line":4,"column":16}},"loc":{"start":{"line":4,"column":42},"end":{"line":6,"column":5}}},"2":{"name":"(anonymous_8)","decl":{"start":{"line":7,"column":4},"end":{"line":7,"column":7}},"loc":{"start":{"line":7,"column":67},"end":{"line":21,"column":5}}}},"branchMap":{"0":{"loc":{"start":{"line":5,"column":8},"end":{"line":5,"column":23}},"type":"binary-expr","locations":[{"start":{"line":5,"column":8},"end":{"line":5,"column":23}},{"start":{"line":5,"column":23},"end":{"line":5,"column":null}}]},"1":{"loc":{"start":{"line":7,"column":29},"end":{"line":7,"column":null}},"type":"if","locations":[{"start":{"line":7,"column":29},"end":{"line":7,"column":null}},{"start":{"line":7,"column":29},"end":{"line":7,"column":null}}]},"2":{"loc":{"start":{"line":8,"column":8},"end":{"line":19,"column":null}},"type":"if","locations":[{"start":{"line":8,"column":8},"end":{"line":19,"column":null}},{"start":{"line":8,"column":8},"end":{"line":19,"column":null}}]},"3":{"loc":{"start":{"line":11,"column":12},"end":{"line":14,"column":null}},"type":"if","locations":[{"start":{"line":11,"column":12},"end":{"line":14,"column":null}},{"start":{"line":11,"column":12},"end":{"line":14,"column":null}}]},"4":{"loc":{"start":{"line":13,"column":16},"end":{"line":13,"column":null}},"type":"if","locations":[{"start":{"line":13,"column":16},"end":{"line":13,"column":null}},{"start":{"line":13,"column":16},"end":{"line":13,"column":null}}]},"5":{"loc":{"start":{"line":15,"column":12},"end":{"line":18,"column":null}},"type":"if","locations":[{"start":{"line":15,"column":12},"end":{"line":18,"column":null}},{"start":{"line":15,"column":12},"end":{"line":18,"column":null}}]},"6":{"loc":{"start":{"line":17,"column":16},"end":{"line":17,"column":null}},"type":"if","locations":[{"start":{"line":17,"column":16},"end":{"line":17,"column":null}},{"start":{"line":17,"column":16},"end":{"line":17,"column":null}}]}},"s":{"0":1,"1":1,"2":1,"3":1,"4":1,"5":22,"6":19,"7":1,"8":18,"9":8,"10":8,"11":1,"12":17,"13":7,"14":7,"15":1,"16":16,"17":1,"18":1},"f":{"0":1,"1":1,"2":19},"b":{"0":[1,1],"1":[3,16],"2":[1,18],"3":[8,10],"4":[1,7],"5":[7,10],"6":[1,6]}}
,"C:\\Users\\andre\\OneDrive\\Рабочий стол\\evolution\\evo-ts-bootcamp\\homeworks\\03-data-structure\\algorithms\\binary-tree.ts": {"path":"C:\\Users\\andre\\OneDrive\\Рабочий стол\\evolution\\evo-ts-bootcamp\\homeworks\\03-data-structure\\algorithms\\binary-tree.ts","statementMap":{"0":{"start":{"line":1,"column":0},"end":{"line":1,"column":null}},"1":{"start":{"line":2,"column":4},"end":{"line":2,"column":null}},"2":{"start":{"line":3,"column":4},"end":{"line":3,"column":null}},"3":{"start":{"line":4,"column":4},"end":{"line":4,"column":null}},"4":{"start":{"line":5,"column":4},"end":{"line":5,"column":null}},"5":{"start":{"line":103,"column":31},"end":{"line":103,"column":39}},"6":{"start":{"line":7,"column":20},"end":{"line":9,"column":1}},"7":{"start":{"line":8,"column":4},"end":{"line":8,"column":30}},"8":{"start":{"line":103,"column":41},"end":{"line":103,"column":52}},"9":{"start":{"line":29,"column":0},"end":{"line":29,"column":null}},"10":{"start":{"line":32,"column":8},"end":{"line":32,"column":null}},"11":{"start":{"line":35,"column":4},"end":{"line":38,"column":null}},"12":{"start":{"line":36,"column":8},"end":{"line":36,"column":null}},"13":{"start":{"line":37,"column":8},"end":{"line":37,"column":null}},"14":{"start":{"line":40,"column":4},"end":{"line":52,"column":null}},"15":{"start":{"line":40,"column":33},"end":{"line":40,"column":null}},"16":{"start":{"line":41,"column":8},"end":{"line":51,"column":null}},"17":{"start":{"line":43,"column":16},"end":{"line":43,"column":null}},"18":{"start":{"line":45,"column":16},"end":{"line":45,"column":null}},"19":{"start":{"line":47,"column":16},"end":{"line":47,"column":null}},"20":{"start":{"line":49,"column":16},"end":{"line":49,"column":null}},"21":{"start":{"line":50,"column":21},"end":{"line":50,"column":null}},"22":{"start":{"line":53,"column":4},"end":{"line":58,"column":null}},"23":{"start":{"line":54,"column":8},"end":{"line":57,"column":91}},"24":{"start":{"line":55,"column":12},"end":{"line":55,"column":22}},"25":{"start":{"line":57,"column":12},"end":{"line":57,"column":91}},"26":{"start":{"line":59,"column":4},"end":{"line":64,"column":null}},"27":{"start":{"line":60,"column":8},"end":{"line":63,"column":91}},"28":{"start":{"line":61,"column":12},"end":{"line":61,"column":22}},"29":{"start":{"line":63,"column":12},"end":{"line":63,"column":91}},"30":{"start":{"line":66,"column":4},"end":{"line":71,"column":null}},"31":{"start":{"line":67,"column":8},"end":{"line":70,"column":92}},"32":{"start":{"line":68,"column":12},"end":{"line":68,"column":null}},"33":{"start":{"line":70,"column":12},"end":{"line":70,"column":92}},"34":{"start":{"line":72,"column":4},"end":{"line":86,"column":null}},"35":{"start":{"line":73,"column":28},"end":{"line":73,"column":30}},"36":{"start":{"line":74,"column":37},"end":{"line":74,"column":43}},"37":{"start":{"line":75,"column":8},"end":{"line":84,"column":null}},"38":{"start":{"line":76,"column":32},"end":{"line":76,"column":45}},"39":{"start":{"line":77,"column":12},"end":{"line":77,"column":44}},"40":{"start":{"line":78,"column":12},"end":{"line":80,"column":null}},"41":{"start":{"line":79,"column":16},"end":{"line":79,"column":46}},"42":{"start":{"line":81,"column":12},"end":{"line":83,"column":null}},"43":{"start":{"line":82,"column":16},"end":{"line":82,"column":47}},"44":{"start":{"line":85,"column":8},"end":{"line":85,"column":22}},"45":{"start":{"line":87,"column":4},"end":{"line":89,"column":null}},"46":{"start":{"line":88,"column":8},"end":{"line":88,"column":null}},"47":{"start":{"line":90,"column":12},"end":{"line":100,"column":null}},"48":{"start":{"line":91,"column":32},"end":{"line":91,"column":34}},"49":{"start":{"line":92,"column":8},"end":{"line":96,"column":null}},"50":{"start":{"line":93,"column":12},"end":{"line":93,"column":null}},"51":{"start":{"line":94,"column":15},"end":{"line":96,"column":null}},"52":{"start":{"line":95,"column":12},"end":{"line":95,"column":null}},"53":{"start":{"line":97,"column":8},"end":{"line":97,"column":84}},"54":{"start":{"line":98,"column":8},"end":{"line":98,"column":85}},"55":{"start":{"line":99,"column":8},"end":{"line":99,"column":null}},"56":{"start":{"line":101,"column":0},"end":{"line":101,"column":null}},"57":{"start":{"line":103,"column":9},"end":{"line":103,"column":19}}},"fnMap":{"0":{"name":"(anonymous_1)","decl":{"start":{"line":1,"column":0},"end":{"line":1,"column":5}},"loc":{"start":{"line":1,"column":13},"end":{"line":6,"column":1}}},"1":{"name":"(anonymous_2)","decl":{"start":{"line":7,"column":20},"end":{"line":7,"column":21}},"loc":{"start":{"line":7,"column":31},"end":{"line":9,"column":1}}},"2":{"name":"(anonymous_3)","decl":{"start":{"line":29,"column":0},"end":{"line":29,"column":null}},"loc":{"start":{"line":29,"column":0},"end":{"line":101,"column":null}}},"3":{"name":"BinaryTree","decl":{"start":{"line":31,"column":4},"end":{"line":31,"column":16}},"loc":{"start":{"line":31,"column":37},"end":{"line":33,"column":5}}},"4":{"name":"(anonymous_5)","decl":{"start":{"line":35,"column":4},"end":{"line":35,"column":11}},"loc":{"start":{"line":35,"column":29},"end":{"line":38,"column":5}}},"5":{"name":"(anonymous_6)","decl":{"start":{"line":40,"column":4},"end":{"line":40,"column":12}},"loc":{"start":{"line":40,"column":53},"end":{"line":52,"column":5}}},"6":{"name":"(anonymous_7)","decl":{"start":{"line":53,"column":4},"end":{"line":53,"column":12}},"loc":{"start":{"line":53,"column":37},"end":{"line":58,"column":5}}},"7":{"name":"(anonymous_8)","decl":{"start":{"line":59,"column":4},"end":{"line":59,"column":11}},"loc":{"start":{"line":59,"column":36},"end":{"line":64,"column":5}}},"8":{"name":"(anonymous_9)","decl":{"start":{"line":66,"column":4},"end":{"line":66,"column":13}},"loc":{"start":{"line":66,"column":38},"end":{"line":71,"column":5}}},"9":{"name":"(anonymous_10)","decl":{"start":{"line":72,"column":4},"end":{"line":72,"column":11}},"loc":{"start":{"line":72,"column":29},"end":{"line":86,"column":5}}},"10":{"name":"(anonymous_11)","decl":{"start":{"line":87,"column":4},"end":{"line":87,"column":13}},"loc":{"start":{"line":87,"column":34},"end":{"line":89,"column":5}}},"11":{"name":"(anonymous_12)","decl":{"start":{"line":90,"column":4},"end":{"line":90,"column":12}},"loc":{"start":{"line":90,"column":87},"end":{"line":100,"column":5}}}},"branchMap":{"0":{"loc":{"start":{"line":1,"column":5},"end":{"line":1,"column":13}},"type":"binary-expr","locations":[{"start":{"line":1,"column":5},"end":{"line":1,"column":13}},{"start":{"line":1,"column":5},"end":{"line":1,"column":null}}]},"1":{"loc":{"start":{"line":40,"column":33},"end":{"line":40,"column":null}},"type":"if","locations":[{"start":{"line":40,"column":33},"end":{"line":40,"column":null}},{"start":{"line":40,"column":33},"end":{"line":40,"column":null}}]},"2":{"loc":{"start":{"line":42,"column":12},"end":{"line":43,"column":null}},"type":"switch","locations":[{"start":{"line":42,"column":12},"end":{"line":43,"column":null}},{"start":{"line":44,"column":12},"end":{"line":45,"column":null}},{"start":{"line":46,"column":12},"end":{"line":47,"column":null}},{"start":{"line":48,"column":12},"end":{"line":49,"column":null}},{"start":{"line":50,"column":12},"end":{"line":50,"column":null}}]},"3":{"loc":{"start":{"line":54,"column":8},"end":{"line":57,"column":91}},"type":"if","locations":[{"start":{"line":54,"column":8},"end":{"line":57,"column":91}},{"start":{"line":54,"column":8},"end":{"line":57,"column":91}}]},"4":{"loc":{"start":{"line":60,"column":8},"end":{"line":63,"column":91}},"type":"if","locations":[{"start":{"line":60,"column":8},"end":{"line":63,"column":91}},{"start":{"line":60,"column":8},"end":{"line":63,"column":91}}]},"5":{"loc":{"start":{"line":67,"column":8},"end":{"line":70,"column":92}},"type":"if","locations":[{"start":{"line":67,"column":8},"end":{"line":70,"column":92}},{"start":{"line":67,"column":8},"end":{"line":70,"column":92}}]},"6":{"loc":{"start":{"line":78,"column":12},"end":{"line":80,"column":null}},"type":"if","locations":[{"start":{"line":78,"column":12},"end":{"line":80,"column":null}},{"start":{"line":78,"column":12},"end":{"line":80,"column":null}}]},"7":{"loc":{"start":{"line":81,"column":12},"end":{"line":83,"column":null}},"type":"if","locations":[{"start":{"line":81,"column":12},"end":{"line":83,"column":null}},{"start":{"line":81,"column":12},"end":{"line":83,"column":null}}]},"8":{"loc":{"start":{"line":92,"column":8},"end":{"line":96,"column":null}},"type":"if","locations":[{"start":{"line":92,"column":8},"end":{"line":96,"column":null}},{"start":{"line":92,"column":8},"end":{"line":96,"column":null}}]},"9":{"loc":{"start":{"line":94,"column":15},"end":{"line":96,"column":null}},"type":"if","locations":[{"start":{"line":94,"column":15},"end":{"line":96,"column":null}},{"start":{"line":94,"column":15},"end":{"line":96,"column":null}}]}},"s":{"0":2,"1":2,"2":2,"3":2,"4":2,"5":2,"6":2,"7":2,"8":2,"9":2,"10":3,"11":2,"12":1,"13":1,"14":2,"15":7,"16":5,"17":1,"18":1,"19":1,"20":1,"21":1,"22":2,"23":59,"24":33,"25":26,"26":2,"27":3,"28":1,"29":2,"30":2,"31":31,"32":17,"33":14,"34":2,"35":2,"36":2,"37":2,"38":14,"39":14,"40":14,"41":6,"42":14,"43":6,"44":2,"45":2,"46":3,"47":2,"48":45,"49":45,"50":24,"51":21,"52":5,"53":21,"54":21,"55":21,"56":2,"57":2},"f":{"0":2,"1":2,"2":2,"3":3,"4":1,"5":5,"6":59,"7":3,"8":31,"9":2,"10":3,"11":45},"b":{"0":[2,2],"1":[2,3],"2":[1,1,1,1,1],"3":[33,26],"4":[1,2],"5":[17,14],"6":[6,8],"7":[6,8],"8":[24,21],"9":[5,16]}}
,"C:\\Users\\andre\\OneDrive\\Рабочий стол\\evolution\\evo-ts-bootcamp\\homeworks\\03-data-structure\\algorithms\\merge-sort.ts": {"path":"C:\\Users\\andre\\OneDrive\\Рабочий стол\\evolution\\evo-ts-bootcamp\\homeworks\\03-data-structure\\algorithms\\merge-sort.ts","statementMap":{"0":{"start":{"line":4,"column":4},"end":{"line":4,"column":null}},"1":{"start":{"line":4,"column":26},"end":{"line":4,"column":null}},"2":{"start":{"line":5,"column":17},"end":{"line":5,"column":50}},"3":{"start":{"line":6,"column":18},"end":{"line":6,"column":23}},"4":{"start":{"line":7,"column":4},"end":{"line":7,"column":null}},"5":{"start":{"line":22,"column":8},"end":{"line":22,"column":17}},"6":{"start":{"line":11,"column":19},"end":{"line":11,"column":21}},"7":{"start":{"line":12,"column":4},"end":{"line":18,"column":null}},"8":{"start":{"line":13,"column":8},"end":{"line":17,"column":null}},"9":{"start":{"line":14,"column":12},"end":{"line":14,"column":null}},"10":{"start":{"line":16,"column":12},"end":{"line":16,"column":null}},"11":{"start":{"line":19,"column":4},"end":{"line":19,"column":37}},"12":{"start":{"line":22,"column":18},"end":{"line":22,"column":23}}},"fnMap":{"0":{"name":"mergeSort","decl":{"start":{"line":3,"column":9},"end":{"line":3,"column":18}},"loc":{"start":{"line":3,"column":55},"end":{"line":8,"column":1}}},"1":{"name":"merge","decl":{"start":{"line":10,"column":9},"end":{"line":10,"column":14}},"loc":{"start":{"line":10,"column":61},"end":{"line":20,"column":1}}}},"branchMap":{"0":{"loc":{"start":{"line":4,"column":4},"end":{"line":4,"column":null}},"type":"if","locations":[{"start":{"line":4,"column":4},"end":{"line":4,"column":null}},{"start":{"line":4,"column":4},"end":{"line":4,"column":null}}]},"1":{"loc":{"start":{"line":12,"column":11},"end":{"line":12,"column":22}},"type":"binary-expr","locations":[{"start":{"line":12,"column":11},"end":{"line":12,"column":22}},{"start":{"line":12,"column":26},"end":{"line":12,"column":38}}]},"2":{"loc":{"start":{"line":13,"column":8},"end":{"line":17,"column":null}},"type":"if","locations":[{"start":{"line":13,"column":8},"end":{"line":17,"column":null}},{"start":{"line":13,"column":8},"end":{"line":17,"column":null}}]}},"s":{"0":20,"1":11,"2":9,"3":9,"4":9,"5":1,"6":9,"7":9,"8":16,"9":11,"10":5,"11":9,"12":1},"f":{"0":20,"1":9},"b":{"0":[11,9],"1":[25,17],"2":[11,5]}}
}
