TN:
SF:algorithms\binary-search-tree.ts
FN:3,(anonymous_6)
FN:4,BinarySearchTree
FN:7,(anonymous_8)
FNF:3
FNH:3
FNDA:1,(anonymous_6)
FNDA:1,BinarySearchTree
FNDA:19,(anonymous_8)
DA:1,1
DA:3,1
DA:5,1
DA:7,22
DA:8,19
DA:9,1
DA:11,18
DA:12,8
DA:13,8
DA:15,17
DA:16,7
DA:17,7
DA:20,16
DA:22,1
LF:14
LH:14
BRDA:5,0,0,1
BRDA:5,0,1,1
BRDA:7,1,0,3
BRDA:7,1,1,16
BRDA:8,2,0,1
BRDA:8,2,1,18
BRDA:11,3,0,8
BRDA:11,3,1,10
BRDA:13,4,0,1
BRDA:13,4,1,7
BRDA:15,5,0,7
BRDA:15,5,1,10
BRDA:17,6,0,1
BRDA:17,6,1,6
BRF:14
BRH:14
end_of_record
TN:
SF:algorithms\binary-tree.ts
FN:1,(anonymous_1)
FN:7,(anonymous_2)
FN:29,(anonymous_3)
FN:31,BinaryTree
FN:35,(anonymous_5)
FN:40,(anonymous_6)
FN:53,(anonymous_7)
FN:59,(anonymous_8)
FN:66,(anonymous_9)
FN:72,(anonymous_10)
FN:87,(anonymous_11)
FN:90,(anonymous_12)
FNF:12
FNH:12
FNDA:2,(anonymous_1)
FNDA:2,(anonymous_2)
FNDA:2,(anonymous_3)
FNDA:3,BinaryTree
FNDA:1,(anonymous_5)
FNDA:5,(anonymous_6)
FNDA:59,(anonymous_7)
FNDA:3,(anonymous_8)
FNDA:31,(anonymous_9)
FNDA:2,(anonymous_10)
FNDA:3,(anonymous_11)
FNDA:45,(anonymous_12)
DA:1,2
DA:2,2
DA:3,2
DA:4,2
DA:5,2
DA:7,2
DA:8,2
DA:29,2
DA:32,3
DA:35,2
DA:36,1
DA:37,1
DA:40,7
DA:41,5
DA:43,1
DA:45,1
DA:47,1
DA:49,1
DA:50,1
DA:53,2
DA:54,59
DA:55,33
DA:57,26
DA:59,2
DA:60,3
DA:61,1
DA:63,2
DA:66,2
DA:67,31
DA:68,17
DA:70,14
DA:72,2
DA:73,2
DA:74,2
DA:75,2
DA:76,14
DA:77,14
DA:78,14
DA:79,6
DA:81,14
DA:82,6
DA:85,2
DA:87,2
DA:88,3
DA:90,2
DA:91,45
DA:92,45
DA:93,24
DA:94,21
DA:95,5
DA:97,21
DA:98,21
DA:99,21
DA:101,2
DA:103,2
LF:55
LH:55
BRDA:1,0,0,2
BRDA:1,0,1,2
BRDA:40,1,0,2
BRDA:40,1,1,3
BRDA:42,2,0,1
BRDA:42,2,1,1
BRDA:42,2,2,1
BRDA:42,2,3,1
BRDA:42,2,4,1
BRDA:54,3,0,33
BRDA:54,3,1,26
BRDA:60,4,0,1
BRDA:60,4,1,2
BRDA:67,5,0,17
BRDA:67,5,1,14
BRDA:78,6,0,6
BRDA:78,6,1,8
BRDA:81,7,0,6
BRDA:81,7,1,8
BRDA:92,8,0,24
BRDA:92,8,1,21
BRDA:94,9,0,5
BRDA:94,9,1,16
BRF:23
BRH:23
end_of_record
TN:
SF:algorithms\merge-sort.ts
FN:3,mergeSort
FN:10,merge
FNF:2
FNH:2
FNDA:20,mergeSort
FNDA:9,merge
DA:4,20
DA:5,9
DA:6,9
DA:7,9
DA:11,9
DA:12,9
DA:13,16
DA:14,11
DA:16,5
DA:19,9
DA:22,1
LF:11
LH:11
BRDA:4,0,0,11
BRDA:4,0,1,9
BRDA:12,1,0,25
BRDA:12,1,1,17
BRDA:13,2,0,11
BRDA:13,2,1,5
BRF:6
BRH:6
end_of_record
