TN:
SF:binary-tree.ts
FN:1,(anonymous_1)
FN:7,(anonymous_2)
FN:29,(anonymous_3)
FN:31,BinaryTree
FN:35,(anonymous_5)
FN:40,(anonymous_6)
FN:53,(anonymous_7)
FN:59,(anonymous_8)
FN:66,(anonymous_9)
FN:72,(anonymous_10)
FN:87,(anonymous_11)
FN:90,(anonymous_12)
FNF:12
FNH:12
FNDA:1,(anonymous_1)
FNDA:2,(anonymous_2)
FNDA:1,(anonymous_3)
FNDA:2,BinaryTree
FNDA:1,(anonymous_5)
FNDA:5,(anonymous_6)
FNDA:59,(anonymous_7)
FNDA:3,(anonymous_8)
FNDA:31,(anonymous_9)
FNDA:2,(anonymous_10)
FNDA:3,(anonymous_11)
FNDA:45,(anonymous_12)
DA:1,1
DA:2,1
DA:3,1
DA:4,1
DA:5,1
DA:7,1
DA:8,2
DA:29,1
DA:32,2
DA:35,1
DA:36,1
DA:37,1
DA:40,7
DA:41,5
DA:43,1
DA:45,1
DA:47,1
DA:49,1
DA:50,1
DA:53,1
DA:54,59
DA:55,33
DA:57,26
DA:59,1
DA:60,3
DA:61,1
DA:63,2
DA:66,1
DA:67,31
DA:68,17
DA:70,14
DA:72,1
DA:73,2
DA:74,2
DA:75,2
DA:76,14
DA:77,14
DA:78,14
DA:79,6
DA:81,14
DA:82,6
DA:85,2
DA:87,1
DA:88,3
DA:90,1
DA:91,45
DA:92,45
DA:93,24
DA:94,21
DA:95,5
DA:97,21
DA:98,21
DA:99,21
DA:101,1
DA:103,1
LF:55
LH:55
BRDA:1,0,0,1
BRDA:1,0,1,1
BRDA:40,1,0,2
BRDA:40,1,1,3
BRDA:42,2,0,1
BRDA:42,2,1,1
BRDA:42,2,2,1
BRDA:42,2,3,1
BRDA:42,2,4,1
BRDA:54,3,0,33
BRDA:54,3,1,26
BRDA:60,4,0,1
BRDA:60,4,1,2
BRDA:67,5,0,17
BRDA:67,5,1,14
BRDA:78,6,0,6
BRDA:78,6,1,8
BRDA:81,7,0,6
BRDA:81,7,1,8
BRDA:92,8,0,24
BRDA:92,8,1,21
BRDA:94,9,0,5
BRDA:94,9,1,16
BRF:23
BRH:23
end_of_record
